<?xml version="1.0" encoding="UTF-8"?>
<!-- Generated by org.testng.reporters.JUnitReportReporter -->
<testsuite hostname="LAPTOP-R6LCTDBS" failures="0" tests="1" name="com.dmantz.JUnitTesting.TestStudent" time="0.009" errors="0" timestamp="2024-02-01T12:16:49 IST" skipped="0">
  <testcase classname="com.dmantz.JUnitTesting.TestStudent" name="testStudent" time="0.009"/>
  <system-out/>
</testsuite> <!-- com.dmantz.JUnitTesting.TestStudent -->
