<?xml version="1.0" encoding="UTF-8"?>
<!-- Generated by org.testng.reporters.JUnitReportReporter -->
<testsuite hostname="LAPTOP-R6LCTDBS" failures="0" tests="1" name="com.dmantz.JUnitTesting.TestStudent" time="0.014" errors="0" timestamp="2024-01-06T14:21:33 IST" skipped="0">
  <testcase classname="com.dmantz.JUnitTesting.TestStudent" name="testStudent" time="0.014"/>
</testsuite> <!-- com.dmantz.JUnitTesting.TestStudent -->
