<?xml version="1.0" encoding="UTF-8"?>
<!-- Generated by org.testng.reporters.JUnitReportReporter -->
<testsuite hostname="LAPTOP-R6LCTDBS" failures="0" tests="1" name="com.dmantz.JUnitTesting.TestCalculator" time="0.021" errors="0" timestamp="2024-01-05T16:28:16 IST" skipped="0">
  <testcase classname="com.dmantz.JUnitTesting.TestCalculator" name="testAdd" time="0.021"/>
</testsuite> <!-- com.dmantz.JUnitTesting.TestCalculator -->
